<?xml version="1.0" encoding="UTF-8"?>
<!-- Generated by org.testng.reporters.JUnitReportReporter -->
<testsuite skipped="0" hostname="LAPTOP-8B5VFCJA" name="string.StringMethods" tests="1" failures="0" timestamp="17 Aug 2021 12:27:55 GMT" time="0.074" errors="0">
  <testcase name="methodsInString" time="0.074" classname="string.StringMethods"/>
</testsuite> <!-- string.StringMethods -->
